<?xml version="1.0" encoding="UTF-8"?>
<!-- Generated by org.testng.reporters.JUnitReportReporter -->
<testsuite hostname="Kalpeshs-MacBook-Air.local" failures="0" tests="3" name="day2.NewTest" time="0.010" errors="0" timestamp="2019-10-02T10:39:22 PDT" skipped="1">
  <testcase classname="day2.NewTest" name="Login" time="0.008"/>
  <testcase classname="day2.NewTest" name="ChnagePasword" time="0.002"/>
  <testcase classname="day2.NewTest" name="LogOut">
    <skipped/>
  </testcase> <!-- LogOut -->
</testsuite> <!-- day2.NewTest -->
